[INFO   ] Logger: Record log in /storage/emulated/0/__Projetos__/Hive/front/app/.kivy/logs/kivy_25-02-04_20.txt
[INFO   ] Kivy: v2.2.1
[INFO   ] Kivy: Installed at "/data/user/0/ru.iiec.pydroid3/files/aarch64-linux-android/lib/python3.11/site-packages/kivy/__init__.py"
[INFO   ] Python: v3.11.4 (main, Sep 30 2023, 10:54:38) [GCC 11.4.0]
[INFO   ] Python: Interpreter at "/data/user/0/ru.iiec.pydroid3/files/aarch64-linux-android/bin/python3"
[INFO   ] Logger: Purge log fired. Processing...
[INFO   ] Logger: Purge finished!
[INFO   ] KivyMD: 1.2.0, git-Unknown, 2024-12-05 (installed at "/data/user/0/ru.iiec.pydroid3/files/aarch64-linux-android/lib/python3.11/site-packages/kivymd/__init__.py")
[WARNING] KivyMD: Version 1.2.0 is deprecated and is no longer supported. Use KivyMD version 2.0.0 from the master branch (pip install https://github.com/kivymd/KivyMD/archive/master.zip)
[INFO   ] Factory: 190 symbols loaded
[INFO   ] Image: Providers: img_tex, img_dds, img_sdl2, img_pil (img_ffpyplayer ignored)
[INFO   ] Text: Provider: sdl2
[INFO   ] Window: Provider: sdl2
[INFO   ] GL: Using the "OpenGL ES 2" graphics system
[INFO   ] GL: Backend used <sdl2>
[INFO   ] GL: OpenGL version <b'OpenGL ES 3.2 V@0615.91 (GIT@a63fb93269, I16b8254a37, 1724729505) (Date:08/27/24)'>
[INFO   ] GL: OpenGL vendor <b'Qualcomm'>
[INFO   ] GL: OpenGL renderer <b'Adreno (TM) 610'>
[INFO   ] GL: OpenGL parsed version: 3, 2
[INFO   ] GL: Texture max size <16384>
[INFO   ] GL: Texture max units <16>
[INFO   ] Window: auto add sdl2 input provider
[INFO   ] Window: virtual keyboard not allowed, single mode, not docked
[INFO   ] Clipboard: Provider: android
[INFO   ] GL: NPOT texture support is available
[WARNING] stderr: Traceback (most recent call last):
[WARNING] stderr:   File "kivy/_event.pyx", line 235, in kivy._event.EventDispatcher.__init__
[WARNING] stderr: TypeError: object.__init__() takes exactly one argument (the instance to initialize)
[WARNING] stderr: 
[WARNING] stderr: The above exception was the direct cause of the following exception:
[WARNING] stderr: 
[WARNING] stderr: Traceback (most recent call last):
[WARNING] stderr:   File "/storage/emulated/0/__Projetos__/Hive/front/app/main.py", line 136, in <module>
[WARNING] stderr:   File "/data/user/0/ru.iiec.pydroid3/files/aarch64-linux-android/lib/python3.11/site-packages/kivy/app.py", line 955, in run
[WARNING] stderr:     self._run_prepare()
[WARNING] stderr:   File "/data/user/0/ru.iiec.pydroid3/files/aarch64-linux-android/lib/python3.11/site-packages/kivy/app.py", line 925, in _run_prepare
[WARNING] stderr:     root = self.build()
[WARNING] stderr:            ^^^^^^^^^^^^
[WARNING] stderr:   File "/storage/emulated/0/__Projetos__/Hive/front/app/main.py", line 132, in build
[WARNING] stderr:   File "/data/user/0/ru.iiec.pydroid3/files/aarch64-linux-android/lib/python3.11/site-packages/kivy/uix/screenmanager.py", line 973, in __init__
[WARNING] stderr:     super(ScreenManager, self).__init__(**kwargs)
[WARNING] stderr:   File "/data/user/0/ru.iiec.pydroid3/files/aarch64-linux-android/lib/python3.11/site-packages/kivy/uix/floatlayout.py", line 65, in __init__
[WARNING] stderr:     super(FloatLayout, self).__init__(**kwargs)
[WARNING] stderr:   File "/data/user/0/ru.iiec.pydroid3/files/aarch64-linux-android/lib/python3.11/site-packages/kivy/uix/layout.py", line 76, in __init__
[WARNING] stderr:     super(Layout, self).__init__(**kwargs)
[WARNING] stderr:   File "/data/user/0/ru.iiec.pydroid3/files/aarch64-linux-android/lib/python3.11/site-packages/kivy/uix/widget.py", line 371, in __init__
[WARNING] stderr:     widget.dispatch('on_kv_post', self)
[WARNING] stderr:   File "kivy/_event.pyx", line 731, in kivy._event.EventDispatcher.dispatch
[WARNING] stderr:   File "/storage/emulated/0/__Projetos__/Hive/front/app/main.py", line 95, in on_kv_post
[WARNING] stderr:     #class  MyApp(MDApp): # referente ao arquivo .kv
[WARNING] stderr:       ^^^^^^^^^^^^^^^^^^^^
[WARNING] stderr:   File "/storage/emulated/0/__Projetos__/Hive/front/app/main.py", line 106, in load_contacts
[WARNING] stderr:     HiveApp().run()
[WARNING] stderr:                    
[WARNING] stderr:   File "/data/user/0/ru.iiec.pydroid3/files/aarch64-linux-android/lib/python3.11/site-packages/kivymd/uix/list/list.py", line 1355, in __init__
[WARNING] stderr:     super().__init__(*args, **kwargs)
[WARNING] stderr:   File "/data/user/0/ru.iiec.pydroid3/files/aarch64-linux-android/lib/python3.11/site-packages/kivymd/uix/list/list.py", line 1303, in __init__
[WARNING] stderr:     super().__init__(*args, **kwargs)
[WARNING] stderr:   File "/data/user/0/ru.iiec.pydroid3/files/aarch64-linux-android/lib/python3.11/site-packages/kivymd/uix/behaviors/declarative_behavior.py", line 311, in __init__
[WARNING] stderr:     super().__init__(**kwargs)
[WARNING] stderr:   File "/data/user/0/ru.iiec.pydroid3/files/aarch64-linux-android/lib/python3.11/site-packages/kivymd/theming.py", line 1670, in __init__
[WARNING] stderr:     super().__init__(**kwargs)
[WARNING] stderr:   File "/data/user/0/ru.iiec.pydroid3/files/aarch64-linux-android/lib/python3.11/site-packages/kivy/uix/behaviors/button.py", line 121, in __init__
[WARNING] stderr:     super(ButtonBehavior, self).__init__(**kwargs)
[WARNING] stderr:   File "/data/user/0/ru.iiec.pydroid3/files/aarch64-linux-android/lib/python3.11/site-packages/kivy/uix/floatlayout.py", line 65, in __init__
[WARNING] stderr:     super(FloatLayout, self).__init__(**kwargs)
[WARNING] stderr:   File "/data/user/0/ru.iiec.pydroid3/files/aarch64-linux-android/lib/python3.11/site-packages/kivy/uix/layout.py", line 76, in __init__
[WARNING] stderr:     super(Layout, self).__init__(**kwargs)
[WARNING] stderr:   File "/data/user/0/ru.iiec.pydroid3/files/aarch64-linux-android/lib/python3.11/site-packages/kivy/uix/widget.py", line 357, in __init__
[WARNING] stderr:     super(Widget, self).__init__(**kwargs)
[WARNING] stderr:   File "kivy/_event.pyx", line 238, in kivy._event.EventDispatcher.__init__
[WARNING] stderr: TypeError: Properties ['fn_regular'] passed to __init__ may not be existing property names. Valid properties are ['_doing_ripple', '_fading_out', '_finishing_ripple', '_height', '_no_ripple_effect', '_ripple_rad', '_round_rad', '_touchable_widgets', '_txt_bot_pad', '_txt_left_pad', '_txt_right_pad', '_txt_top_pad', 'always_release', 'bg_color', 'center', 'center_x', 'center_y', 'children', 'cls', 'device_ios', 'disabled', 'divider', 'divider_color', 'font_style', 'height', 'id', 'ids', 'last_touch', 'min_state_time', 'motion_filter', 'opacity', 'opposite_colors', 'parent', 'pos', 'pos_hint', 'radius', 'right', 'ripple_alpha', 'ripple_canvas_after', 'ripple_color', 'ripple_duration_in_fast', 'ripple_duration_in_slow', 'ripple_duration_out', 'ripple_func_in', 'ripple_func_out', 'ripple_rad_default', 'ripple_scale', 'secondary_font_style', 'secondary_text', 'secondary_text_color', 'secondary_theme_text_color', 'size', 'size_hint', 'size_hint_max', 'size_hint_max_x', 'size_hint_max_y', 'size_hint_min', 'size_hint_min_x', 'size_hint_min_y', 'size_hint_x', 'size_hint_y', 'state', 'tertiary_font_style', 'tertiary_text', 'tertiary_text_color', 'tertiary_theme_text_color', 'text', 'text_color', 'theme_cls', 'theme_text_color', 'top', 'widget_style', 'width', 'x', 'y']
